<?xml version="1.0" encoding="UTF-8"?>
<!-- Generated by org.testng.reporters.JUnitReportReporter -->
<testsuite hostname="laptop" failures="0" tests="1" name="com.automationexercise.runner.RunCukeTest" time="24.493" errors="0" timestamp="2023-12-30T21:27:49 GMT" skipped="0">
  <testcase classname="com.automationexercise.runner.RunCukeTest" name="runScenario" time="24.493"/>
</testsuite> <!-- com.automationexercise.runner.RunCukeTest -->
